  q1_4.c
D:\Codes\C_programme\project24f-main\codes\q1_4.c(1,1): warning C4819: 该文件包含不能在当前代码页(936)中表示的字符。请将该文件保存为 Unicode 格式以防止数据丢失
D:\Codes\C_programme\project24f-main\codes\q1_4.c(11,1): error C2059: 语法错误:“}”
D:\Codes\C_programme\project24f-main\codes\q1_4.c(17,1): error C2059: 语法错误:“}”
D:\Codes\C_programme\project24f-main\codes\q1_4.c(20,11): error C2061: 语法错误: 标识符“classrooms”
D:\Codes\C_programme\project24f-main\codes\q1_4.c(20,11): error C2059: 语法错误:“;”
D:\Codes\C_programme\project24f-main\codes\q1_4.c(20,21): error C2059: 语法错误:“[”
D:\Codes\C_programme\project24f-main\codes\q1_4.c(27,12): error C2099: 初始值设定项不是常量
D:\Codes\C_programme\project24f-main\codes\q1_4.c(28,16): error C2099: 初始值设定项不是常量
D:\Codes\C_programme\project24f-main\codes\q1_4.c(32,13): error C2099: 初始值设定项不是常量
D:\Codes\C_programme\project24f-main\codes\q1_4.c(33,13): error C2099: 初始值设定项不是常量
D:\Codes\C_programme\project24f-main\codes\q1_4.c(35,9): error C2059: 语法错误:“if”
D:\Codes\C_programme\project24f-main\codes\q1_4.c(41,9): error C2059: 语法错误:“if”
D:\Codes\C_programme\project24f-main\codes\q1_4.c(42,5): error C2059: 语法错误:“}”
D:\Codes\C_programme\project24f-main\codes\q1_4.c(45,5): error C2059: 语法错误:“for”
D:\Codes\C_programme\project24f-main\codes\q1_4.c(45,33): error C2143: 语法错误: 缺少“{”(在“<”的前面)
D:\Codes\C_programme\project24f-main\codes\q1_4.c(45,33): error C2059: 语法错误:“<”
D:\Codes\C_programme\project24f-main\codes\q1_4.c(45,51): error C2143: 语法错误: 缺少“{”(在“++”的前面)
D:\Codes\C_programme\project24f-main\codes\q1_4.c(45,51): error C2059: 语法错误:“++”
D:\Codes\C_programme\project24f-main\codes\q1_4.c(45,53): error C2059: 语法错误:“)”
D:\Codes\C_programme\project24f-main\codes\q1_4.c(48,12): error C2143: 语法错误: 缺少“)”(在“字符串”的前面)
D:\Codes\C_programme\project24f-main\codes\q1_4.c(48,12): error C2143: 语法错误: 缺少“{”(在“字符串”的前面)
D:\Codes\C_programme\project24f-main\codes\q1_4.c(48,12): error C2059: 语法错误:“字符串”
D:\Codes\C_programme\project24f-main\codes\q1_4.c(48,43): error C2059: 语法错误:“)”
D:\Codes\C_programme\project24f-main\codes\q1_4.c(51,12): error C2143: 语法错误: 缺少“)”(在“字符串”的前面)
D:\Codes\C_programme\project24f-main\codes\q1_4.c(51,12): error C2143: 语法错误: 缺少“{”(在“字符串”的前面)
D:\Codes\C_programme\project24f-main\codes\q1_4.c(51,12): error C2059: 语法错误:“字符串”
D:\Codes\C_programme\project24f-main\codes\q1_4.c(51,96): error C2059: 语法错误:“)”
D:\Codes\C_programme\project24f-main\codes\q1_4.c(52,11): error C2143: 语法错误: 缺少“)”(在“字符串”的前面)
D:\Codes\C_programme\project24f-main\codes\q1_4.c(52,11): error C2143: 语法错误: 缺少“{”(在“字符串”的前面)
D:\Codes\C_programme\project24f-main\codes\q1_4.c(52,11): error C2059: 语法错误:“字符串”
D:\Codes\C_programme\project24f-main\codes\q1_4.c(52,24): error C2059: 语法错误:“)”
D:\Codes\C_programme\project24f-main\codes\q1_4.c(54,5): error C2059: 语法错误:“if”
D:\Codes\C_programme\project24f-main\codes\q1_4.c(59,5): error C2059: 语法错误:“if”
D:\Codes\C_programme\project24f-main\codes\q1_4.c(64,12): error C2143: 语法错误: 缺少“)”(在“字符串”的前面)
D:\Codes\C_programme\project24f-main\codes\q1_4.c(64,12): error C2143: 语法错误: 缺少“{”(在“字符串”的前面)
D:\Codes\C_programme\project24f-main\codes\q1_4.c(64,12): error C2059: 语法错误:“字符串”
D:\Codes\C_programme\project24f-main\codes\q1_4.c(64,90): error C2059: 语法错误:“)”
D:\Codes\C_programme\project24f-main\codes\q1_4.c(65,1): error C2059: 语法错误:“}”
D:\Codes\C_programme\project24f-main\codes\q1_4.c(78,29): error C2143: 语法错误: 缺少“)”(在“*”的前面)
D:\Codes\C_programme\project24f-main\codes\q1_4.c(78,29): error C2143: 语法错误: 缺少“{”(在“*”的前面)
D:\Codes\C_programme\project24f-main\codes\q1_4.c(78,40): error C2059: 语法错误:“)”
D:\Codes\C_programme\project24f-main\codes\q1_4.c(78,31): error C2054: 在“classroom”之后应输入“(”
D:\Codes\C_programme\project24f-main\codes\q1_4.c(86,5): error C2059: 语法错误:“for”
D:\Codes\C_programme\project24f-main\codes\q1_4.c(86,23): error C2143: 语法错误: 缺少“{”(在“<”的前面)
D:\Codes\C_programme\project24f-main\codes\q1_4.c(86,23): error C2059: 语法错误:“<”
D:\Codes\C_programme\project24f-main\codes\q1_4.c(86,42): error C2143: 语法错误: 缺少“{”(在“++”的前面)
D:\Codes\C_programme\project24f-main\codes\q1_4.c(86,42): error C2059: 语法错误:“++”
D:\Codes\C_programme\project24f-main\codes\q1_4.c(86,44): error C2059: 语法错误:“)”
D:\Codes\C_programme\project24f-main\codes\q1_4.c(89,1): error C2059: 语法错误:“}”
D:\Codes\C_programme\project24f-main\codes\q1_4.c(107,18): error C2079: “Stu”使用未定义的 struct“login”
D:\Codes\C_programme\project24f-main\codes\q1_4.c(121,42): error C2224: “.user_name”的左侧必须具有结构/联合类型
D:\Codes\C_programme\project24f-main\codes\q1_4.c(121,57): error C2224: “.password”的左侧必须具有结构/联合类型
D:\Codes\C_programme\project24f-main\codes\q1_4.c(121,29): warning C4473: “fscanf”: 没有为格式字符串传递足够的参数
      D:\Codes\C_programme\project24f-main\codes\q1_4.c(121,29):
      占位符和其参数预计 2 可变参数，但提供的却是 0 参数
      D:\Codes\C_programme\project24f-main\codes\q1_4.c(121,29):
      缺失的可变参数 1 为格式字符串“%s”所需
  
D:\Codes\C_programme\project24f-main\codes\q1_4.c(122,38): error C2224: “.user_name”的左侧必须具有结构/联合类型
D:\Codes\C_programme\project24f-main\codes\q1_4.c(122,17): error C2198: “int strcmp(const char *,const char *)”: 用于调用的参数太少
D:\Codes\C_programme\project24f-main\codes\q1_4.c(122,78): error C2224: “.password”的左侧必须具有结构/联合类型
D:\Codes\C_programme\project24f-main\codes\q1_4.c(122,57): error C2198: “int strcmp(const char *,const char *)”: 用于调用的参数太少
D:\Codes\C_programme\project24f-main\codes\q1_4.c(134,34): error C2224: “.user_name”的左侧必须具有结构/联合类型
D:\Codes\C_programme\project24f-main\codes\q1_4.c(134,13): error C2198: “int strcmp(const char *,const char *)”: 用于调用的参数太少
D:\Codes\C_programme\project24f-main\codes\q1_4.c(134,74): error C2224: “.password”的左侧必须具有结构/联合类型
D:\Codes\C_programme\project24f-main\codes\q1_4.c(134,53): error C2198: “int strcmp(const char *,const char *)”: 用于调用的参数太少
D:\Codes\C_programme\project24f-main\codes\q1_4.c(187,5): warning C4013: “show_timeslot_menu”未定义；假设外部返回 int
D:\Codes\C_programme\project24f-main\codes\q1_4.c(194,5): error C2065: “Classroom”: 未声明的标识符
D:\Codes\C_programme\project24f-main\codes\q1_4.c(194,16): error C2065: “availableClassroom”: 未声明的标识符
D:\Codes\C_programme\project24f-main\codes\q1_4.c(194,37): warning C4013: “findAvailableClassroom”未定义；假设外部返回 int
D:\Codes\C_programme\project24f-main\codes\q1_4.c(194,14): error C2106: “=”: 左操作数必须为左值
D:\Codes\C_programme\project24f-main\codes\q1_4.c(195,9): error C2065: “availableClassroom”: 未声明的标识符
D:\Codes\C_programme\project24f-main\codes\q1_4.c(195,28): warning C4047: “!=”:“int”与“void *”的间接级别不同
D:\Codes\C_programme\project24f-main\codes\q1_4.c(196,9): warning C4013: “bookClassroom”未定义；假设外部返回 int
D:\Codes\C_programme\project24f-main\codes\q1_4.c(196,23): error C2065: “availableClassroom”: 未声明的标识符
D:\Codes\C_programme\project24f-main\codes\q1_4.c(203,20): warning C4013: “continueBooking”未定义；假设外部返回 int
D:\Codes\C_programme\project24f-main\codes\q1_4.c(212,1): error C1004: 发现意外的文件尾
